<?xml version="1.0" encoding="UTF-8"?>
<testng-results ignored="0" total="1" passed="1" failed="0" skipped="0">
  <reporter-output>
  </reporter-output>
  <suite started-at="2022-12-04T21:28:36 CST" name="Default suite" finished-at="2022-12-04T21:28:39 CST" duration-ms="3319">
    <groups>
    </groups>
    <test started-at="2022-12-04T21:28:36 CST" name="Default test" finished-at="2022-12-04T21:28:39 CST" duration-ms="3319">
      <class name="webServicesTestCases.TC1_GET_Request">
        <test-method signature="getWeatherDetails()[pri:0, instance:webServicesTestCases.TC1_GET_Request@26275bef]" started-at="2022-12-04T21:28:36 CST" name="getWeatherDetails" finished-at="2022-12-04T21:28:39 CST" duration-ms="3217" status="PASS">
          <reporter-output>
          </reporter-output>
        </test-method> <!-- getWeatherDetails -->
      </class> <!-- webServicesTestCases.TC1_GET_Request -->
    </test> <!-- Default test -->
  </suite> <!-- Default suite -->
</testng-results>
